\BOOKMARK [0][-]{Doc-Start}{\376\377\000A\000b\000s\000t\000r\000a\000c\000t}{}% 1
\BOOKMARK [0][-]{chapter*.1}{\376\377\000A\000c\000k\000n\000o\000w\000l\000e\000d\000g\000e\000m\000e\000n\000t\000s}{}% 2
\BOOKMARK [0][-]{chapter*.1}{\376\377\000L\000i\000s\000t\000\040\000o\000f\000\040\000T\000a\000b\000l\000e\000s}{}% 3
\BOOKMARK [0][-]{chapter*.1}{\376\377\000L\000i\000s\000t\000\040\000o\000f\000\040\000F\000i\000g\000u\000r\000e\000s}{}% 4
\BOOKMARK [0][-]{chapter*.3}{\376\377\000A\000b\000b\000r\000e\000v\000i\000a\000t\000i\000o\000n\000s}{}% 5
\BOOKMARK [0][-]{chapter.1}{\376\377\000I\000n\000t\000r\000o\000d\000u\000c\000t\000i\000o\000n}{}% 6
\BOOKMARK [1][-]{section.1.1}{\376\377\000S\000e\000c\000t\000i\000o\000n\000\040\0001}{chapter.1}% 7
\BOOKMARK [1][-]{section.1.2}{\376\377\000S\000e\000c\000t\000i\000o\000n\000\040\0002}{chapter.1}% 8
\BOOKMARK [1][-]{section.1.3}{\376\377\000S\000e\000c\000t\000i\000o\000n\000\040\0003}{chapter.1}% 9
\BOOKMARK [0][-]{chapter.2}{\376\377\000L\000i\000t\000e\000r\000a\000t\000u\000r\000e\000\040\000R\000e\000v\000i\000e\000w}{}% 10
\BOOKMARK [1][-]{section.2.1}{\376\377\000S\000e\000c\000t\000i\000o\000n\000\040\0001}{chapter.2}% 11
\BOOKMARK [1][-]{section.2.2}{\376\377\000S\000e\000c\000t\000i\000o\000n\000\040\0002}{chapter.2}% 12
\BOOKMARK [1][-]{section.2.3}{\376\377\000S\000e\000c\000t\000i\000o\000n\000\040\0003}{chapter.2}% 13
\BOOKMARK [0][-]{chapter.3}{\376\377\000M\000e\000t\000h\000o\000d\000o\000l\000o\000g\000y}{}% 14
\BOOKMARK [1][-]{section.3.1}{\376\377\000S\000e\000c\000t\000i\000o\000n\000\040\0001}{chapter.3}% 15
\BOOKMARK [1][-]{section.3.2}{\376\377\000S\000e\000c\000t\000i\000o\000n\000\040\0002}{chapter.3}% 16
\BOOKMARK [1][-]{section.3.3}{\376\377\000S\000e\000c\000t\000i\000o\000n\000\040\0003}{chapter.3}% 17
\BOOKMARK [0][-]{chapter.4}{\376\377\000M\000a\000i\000n\000\040\000C\000h\000a\000p\000t\000e\000r}{}% 18
\BOOKMARK [1][-]{section.4.1}{\376\377\000F\000i\000g\000u\000r\000e\000s}{chapter.4}% 19
\BOOKMARK [1][-]{section.4.2}{\376\377\000T\000a\000b\000l\000e\000s}{chapter.4}% 20
\BOOKMARK [1][-]{section.4.3}{\376\377\000L\000i\000s\000t\000s}{chapter.4}% 21
\BOOKMARK [1][-]{section.4.4}{\376\377\000E\000q\000u\000a\000t\000i\000o\000n\000s}{chapter.4}% 22
\BOOKMARK [0][-]{chapter.5}{\376\377\000M\000a\000i\000n\000\040\000C\000h\000a\000p\000t\000e\000r}{}% 23
\BOOKMARK [1][-]{section.5.1}{\376\377\000F\000i\000g\000u\000r\000e\000s}{chapter.5}% 24
\BOOKMARK [1][-]{section.5.2}{\376\377\000T\000a\000b\000l\000e\000s}{chapter.5}% 25
\BOOKMARK [1][-]{section.5.3}{\376\377\000L\000i\000s\000t\000s}{chapter.5}% 26
\BOOKMARK [1][-]{section.5.4}{\376\377\000E\000q\000u\000a\000t\000i\000o\000n\000s}{chapter.5}% 27
\BOOKMARK [0][-]{chapter.6}{\376\377\000M\000a\000i\000n\000\040\000C\000h\000a\000p\000t\000e\000r}{}% 28
\BOOKMARK [1][-]{section.6.1}{\376\377\000F\000i\000g\000u\000r\000e\000s}{chapter.6}% 29
\BOOKMARK [1][-]{section.6.2}{\376\377\000T\000a\000b\000l\000e\000s}{chapter.6}% 30
\BOOKMARK [1][-]{section.6.3}{\376\377\000L\000i\000s\000t\000s}{chapter.6}% 31
\BOOKMARK [1][-]{section.6.4}{\376\377\000E\000q\000u\000a\000t\000i\000o\000n\000s}{chapter.6}% 32
\BOOKMARK [0][-]{chapter.7}{\376\377\000C\000o\000n\000c\000l\000u\000s\000i\000o\000n\000s}{}% 33
\BOOKMARK [1][-]{section.7.1}{\376\377\000S\000e\000c\000t\000i\000o\000n\000\040\0001}{chapter.7}% 34
\BOOKMARK [1][-]{section.7.2}{\376\377\000S\000e\000c\000t\000i\000o\000n\000\040\0002}{chapter.7}% 35
\BOOKMARK [1][-]{section.7.3}{\376\377\000S\000e\000c\000t\000i\000o\000n\000\040\0003}{chapter.7}% 36
\BOOKMARK [0][-]{section.7.3}{\376\377\000B\000i\000b\000l\000i\000o\000g\000r\000a\000p\000h\000y}{}% 37
\BOOKMARK [0][-]{section*.25}{\376\377\000A\000p\000p\000e\000n\000d\000i\000c\000e\000s}{}% 38
\BOOKMARK [0][-]{appendix.a.A}{\376\377\000R\000e\000s\000e\000a\000r\000c\000h\000\040\000E\000t\000h\000i\000c\000s}{}% 39
\BOOKMARK [0][-]{appendix.a.B}{\376\377\000E\000x\000p\000e\000r\000i\000m\000e\000n\000t\000a\000l\000\040\000P\000r\000o\000c\000e\000d\000u\000r\000e}{}% 40
\BOOKMARK [0][-]{appendix.a.C}{\376\377\000Q\000u\000e\000s\000t\000i\000o\000n\000n\000a\000i\000r\000e\000s}{}% 41
\BOOKMARK [1][-]{section.a.C.1}{\376\377\000U\000s\000e\000r\000\040\000E\000x\000p\000e\000r\000i\000e\000n\000c\000e\000\040\000Q\000u\000e\000s\000t\000i\000o\000n\000n\000a\000i\000r\000e}{appendix.a.C}% 42
