This is pdfTeX, Version 3.141592653-2.6-1.40.24 (MiKTeX 21.12) (preloaded format=pdflatex 2022.1.11)  7 MAR 2022 15:21
entering extended mode
 restricted \write18 enabled.
 %&-line parsing enabled.
**./thesis.tex
(thesis.tex
LaTeX2e <2021-11-15> patch level 1
L3 programming layer <2021-11-22>
(C:\Users\tk18583\AppData\Local\Programs\MiKTeX\tex/latex/base\report.cls
Document Class: report 2021/10/04 v1.4n Standard LaTeX document class
(C:\Users\tk18583\AppData\Local\Programs\MiKTeX\tex/latex/base\size12.clo
File: size12.clo 2021/10/04 v1.4n Standard LaTeX file (size option)
)
\c@part=\count183
\c@chapter=\count184
\c@section=\count185
\c@subsection=\count186
\c@subsubsection=\count187
\c@paragraph=\count188
\c@subparagraph=\count189
\c@figure=\count190
\c@table=\count191
\abovecaptionskip=\skip47
\belowcaptionskip=\skip48
\bibindent=\dimen138
)
(C:\Users\tk18583\AppData\Local\Programs\MiKTeX\tex/latex/geometry\geometry.sty
Package: geometry 2020/01/02 v5.9 Page Geometry
(C:\Users\tk18583\AppData\Local\Programs\MiKTeX\tex/latex/graphics\keyval.sty
Package: keyval 2014/10/28 v1.15 key=value parser (DPC)
\KV@toks@=\toks16
)
(C:\Users\tk18583\AppData\Local\Programs\MiKTeX\tex/generic/iftex\ifvtex.sty
Package: ifvtex 2019/10/25 v1.7 ifvtex legacy package. Use iftex instead.

(C:\Users\tk18583\AppData\Local\Programs\MiKTeX\tex/generic/iftex\iftex.sty
Package: iftex 2020/03/06 v1.0d TeX engine tests
))
\Gm@cnth=\count192
\Gm@cntv=\count193
\c@Gm@tempcnt=\count194
\Gm@bindingoffset=\dimen139
\Gm@wd@mp=\dimen140
\Gm@odd@mp=\dimen141
\Gm@even@mp=\dimen142
\Gm@layoutwidth=\dimen143
\Gm@layoutheight=\dimen144
\Gm@layouthoffset=\dimen145
\Gm@layoutvoffset=\dimen146
\Gm@dimlist=\toks17

(C:\Users\tk18583\AppData\Local\Programs\MiKTeX\tex/latex/geometry\geometry.cfg
))

LaTeX Warning: \include should only be used after \begin{document} on input lin
e 4.

(thesis.preamble.tex
(C:\Users\tk18583\AppData\Local\Programs\MiKTeX\tex/latex/graphics\graphicx.sty
Package: graphicx 2021/09/16 v1.2d Enhanced LaTeX Graphics (DPC,SPQR)

(C:\Users\tk18583\AppData\Local\Programs\MiKTeX\tex/latex/graphics\graphics.sty
Package: graphics 2021/03/04 v1.4d Standard LaTeX Graphics (DPC,SPQR)
(C:\Users\tk18583\AppData\Local\Programs\MiKTeX\tex/latex/graphics\trig.sty
Package: trig 2021/08/11 v1.11 sin cos tan (DPC)
)
(C:\Users\tk18583\AppData\Local\Programs\MiKTeX\tex/latex/graphics-cfg\graphics
.cfg
File: graphics.cfg 2016/06/04 v1.11 sample graphics configuration
)
Package graphics Info: Driver file: pdftex.def on input line 107.

(C:\Users\tk18583\AppData\Local\Programs\MiKTeX\tex/latex/graphics-def\pdftex.d
ef
File: pdftex.def 2020/10/05 v1.2a Graphics/color driver for pdftex
))
\Gin@req@height=\dimen147
\Gin@req@width=\dimen148
)
(C:\Users\tk18583\AppData\Local\Programs\MiKTeX\tex/latex/tools\verbatim.sty
Package: verbatim 2020-07-07 v1.5u LaTeX2e package for verbatim enhancements
\every@verbatim=\toks18
\verbatim@line=\toks19
\verbatim@in@stream=\read2
)
(C:\Users\tk18583\AppData\Local\Programs\MiKTeX\tex/latex/base\latexsym.sty
Package: latexsym 1998/08/17 v2.2e Standard LaTeX package (lasy symbols)
\symlasy=\mathgroup4
LaTeX Font Info:    Overwriting symbol font `lasy' in version `bold'
(Font)                  U/lasy/m/n --> U/lasy/b/n on input line 52.
)
(mathchars.sty)
(C:\Users\tk18583\AppData\Local\Programs\MiKTeX\tex/latex/setspace\setspace.sty
Package: setspace 2011/12/19 v6.7a set line spacing
)
(C:\Users\tk18583\AppData\Local\Programs\MiKTeX\tex/latex/appendix\appendix.sty
Package: appendix 2020/02/08 v1.2c extra appendix facilities
\c@@pps=\count195
\c@@ppsavesec=\count196
\c@@ppsaveapp=\count197
) (C:\Users\tk18583\AppData\Local\Programs\MiKTeX\tex/latex/float\float.sty
Package: float 2001/11/08 v1.3d Float enhancements (AL)
\c@float@type=\count198
\float@exts=\toks20
\float@box=\box50
\@float@everytoks=\toks21
\@floatcapt=\box51
)
(C:\Users\tk18583\AppData\Local\Programs\MiKTeX\tex/latex/caption\subcaption.st
y
Package: subcaption 2020/10/07 v1.3j Sub-captions (AR)
 (C:\Users\tk18583\AppData\Local\Programs\MiKTeX\tex/latex/caption\caption.sty
Package: caption 2020/10/26 v3.5g Customizing captions (AR)
(C:\Users\tk18583\AppData\Local\Programs\MiKTeX\tex/latex/caption\caption3.sty
Package: caption3 2020/10/21 v2.2e caption3 kernel (AR)
\captionmargin=\dimen149
\captionmargin@=\dimen150
\captionwidth=\dimen151
\caption@tempdima=\dimen152
\caption@indent=\dimen153
\caption@parindent=\dimen154
\caption@hangindent=\dimen155
Package caption Info: Standard document class detected.
)
\c@caption@flags=\count199
\c@continuedfloat=\count266
Package caption Info: float package is loaded.
)
\c@subfigure=\count267
\c@subtable=\count268
) (C:\Users\tk18583\AppData\Local\Programs\MiKTeX\tex/latex/url\url.sty
\Urlmuskip=\muskip16
Package: url 2013/09/16  ver 3.4  Verb mode for urls, etc.
)
(C:\Users\tk18583\AppData\Local\Programs\MiKTeX\tex/latex/hyperref\hyperref.sty
Package: hyperref 2021-06-07 v7.00m Hypertext links for LaTeX

(C:\Users\tk18583\AppData\Local\Programs\MiKTeX\tex/generic/ltxcmds\ltxcmds.sty
Package: ltxcmds 2020-05-10 v1.25 LaTeX kernel commands for general use (HO)
)
(C:\Users\tk18583\AppData\Local\Programs\MiKTeX\tex/generic/pdftexcmds\pdftexcm
ds.sty
Package: pdftexcmds 2020-06-27 v0.33 Utility functions of pdfTeX for LuaTeX (HO
)

(C:\Users\tk18583\AppData\Local\Programs\MiKTeX\tex/generic/infwarerr\infwarerr
.sty
Package: infwarerr 2019/12/03 v1.5 Providing info/warning/error messages (HO)
)
Package pdftexcmds Info: \pdf@primitive is available.
Package pdftexcmds Info: \pdf@ifprimitive is available.
Package pdftexcmds Info: \pdfdraftmode found.
)
(C:\Users\tk18583\AppData\Local\Programs\MiKTeX\tex/generic/kvsetkeys\kvsetkeys
.sty
Package: kvsetkeys 2019/12/15 v1.18 Key value parser (HO)
)
(C:\Users\tk18583\AppData\Local\Programs\MiKTeX\tex/generic/kvdefinekeys\kvdefi
nekeys.sty
Package: kvdefinekeys 2019-12-19 v1.6 Define keys (HO)
)
(C:\Users\tk18583\AppData\Local\Programs\MiKTeX\tex/generic/pdfescape\pdfescape
.sty
Package: pdfescape 2019/12/09 v1.15 Implements pdfTeX's escape features (HO)
)
(C:\Users\tk18583\AppData\Local\Programs\MiKTeX\tex/latex/hycolor\hycolor.sty
Package: hycolor 2020-01-27 v1.10 Color options for hyperref/bookmark (HO)
)
(C:\Users\tk18583\AppData\Local\Programs\MiKTeX\tex/latex/letltxmacro\letltxmac
ro.sty
Package: letltxmacro 2019/12/03 v1.6 Let assignment for LaTeX macros (HO)
)
(C:\Users\tk18583\AppData\Local\Programs\MiKTeX\tex/latex/auxhook\auxhook.sty
Package: auxhook 2019-12-17 v1.6 Hooks for auxiliary files (HO)
)
(C:\Users\tk18583\AppData\Local\Programs\MiKTeX\tex/latex/kvoptions\kvoptions.s
ty
Package: kvoptions 2020-10-07 v3.14 Key value format for package options (HO)
)
\@linkdim=\dimen156
\Hy@linkcounter=\count269
\Hy@pagecounter=\count270

(C:\Users\tk18583\AppData\Local\Programs\MiKTeX\tex/latex/hyperref\pd1enc.def
File: pd1enc.def 2021-06-07 v7.00m Hyperref: PDFDocEncoding definition (HO)
Now handling font encoding PD1 ...
... no UTF-8 mapping file for font encoding PD1
)
(C:\Users\tk18583\AppData\Local\Programs\MiKTeX\tex/latex/hyperref\hyperref-lan
gpatches.def
File: hyperref-langpatches.def 2021-06-07 v7.00m Hyperref: patches for babel la
nguages
)
(C:\Users\tk18583\AppData\Local\Programs\MiKTeX\tex/generic/intcalc\intcalc.sty
Package: intcalc 2019/12/15 v1.3 Expandable calculations with integers (HO)
)
(C:\Users\tk18583\AppData\Local\Programs\MiKTeX\tex/generic/etexcmds\etexcmds.s
ty
Package: etexcmds 2019/12/15 v1.7 Avoid name clashes with e-TeX commands (HO)
)
\Hy@SavedSpaceFactor=\count271

(C:\Users\tk18583\AppData\Local\Programs\MiKTeX\tex/latex/hyperref\puenc.def
File: puenc.def 2021-06-07 v7.00m Hyperref: PDF Unicode definition (HO)
Now handling font encoding PU ...
... no UTF-8 mapping file for font encoding PU
)
Package hyperref Info: Hyper figures OFF on input line 4192.
Package hyperref Info: Link nesting OFF on input line 4197.
Package hyperref Info: Hyper index ON on input line 4200.
Package hyperref Info: Plain pages OFF on input line 4207.
Package hyperref Info: Backreferencing OFF on input line 4212.
Package hyperref Info: Implicit mode ON; LaTeX internals redefined.
Package hyperref Info: Bookmarks ON on input line 4445.
\c@Hy@tempcnt=\count272
LaTeX Info: Redefining \url on input line 4804.
\XeTeXLinkMargin=\dimen157

(C:\Users\tk18583\AppData\Local\Programs\MiKTeX\tex/generic/bitset\bitset.sty
Package: bitset 2019/12/09 v1.3 Handle bit-vector datatype (HO)

(C:\Users\tk18583\AppData\Local\Programs\MiKTeX\tex/generic/bigintcalc\bigintca
lc.sty
Package: bigintcalc 2019/12/15 v1.5 Expandable calculations on big integers (HO
)
))
\Fld@menulength=\count273
\Field@Width=\dimen158
\Fld@charsize=\dimen159
Package hyperref Info: Hyper figures OFF on input line 6076.
Package hyperref Info: Link nesting OFF on input line 6081.
Package hyperref Info: Hyper index ON on input line 6084.
Package hyperref Info: backreferencing OFF on input line 6091.
Package hyperref Info: Link coloring OFF on input line 6096.
Package hyperref Info: Link coloring with OCG OFF on input line 6101.
Package hyperref Info: PDF/A mode OFF on input line 6106.
LaTeX Info: Redefining \ref on input line 6146.
LaTeX Info: Redefining \pageref on input line 6150.

(C:\Users\tk18583\AppData\Local\Programs\MiKTeX\tex/latex/base\atbegshi-ltx.sty
Package: atbegshi-ltx 2021/01/10 v1.0c Emulation of the original atbegshi
package with kernel methods
)
\Hy@abspage=\count274
\c@Item=\count275
\c@Hfootnote=\count276
)
Package hyperref Info: Driver (autodetected): hpdftex.

(C:\Users\tk18583\AppData\Local\Programs\MiKTeX\tex/latex/hyperref\hpdftex.def
File: hpdftex.def 2021-06-07 v7.00m Hyperref driver for pdfTeX

(C:\Users\tk18583\AppData\Local\Programs\MiKTeX\tex/latex/base\atveryend-ltx.st
y
Package: atveryend-ltx 2020/08/19 v1.0a Emulation of the original atveryend pac
kage
with kernel methods
)
\Fld@listcount=\count277
\c@bookmark@seq@number=\count278

(C:\Users\tk18583\AppData\Local\Programs\MiKTeX\tex/latex/rerunfilecheck\rerunf
ilecheck.sty
Package: rerunfilecheck 2019/12/05 v1.9 Rerun checks for auxiliary files (HO)

(C:\Users\tk18583\AppData\Local\Programs\MiKTeX\tex/generic/uniquecounter\uniqu
ecounter.sty
Package: uniquecounter 2019/12/15 v1.4 Provide unlimited unique counter (HO)
)
Package uniquecounter Info: New unique counter `rerunfilecheck' on input line 2
86.
)
\Hy@SectionHShift=\skip49
)
Package hyperref Info: Option `colorlinks' set `true' on input line 18.

(C:\Users\tk18583\AppData\Local\Programs\MiKTeX\tex/latex/natbib\natbib.sty
Package: natbib 2010/09/13 8.31b (PWD, AO)
\bibhang=\skip50
\bibsep=\skip51
LaTeX Info: Redefining \cite on input line 694.
\c@NAT@ctr=\count279
)
(C:\Users\tk18583\AppData\Local\Programs\MiKTeX\tex/generic/bibtex\apalike.sty)
(C:\Users\tk18583\AppData\Local\Programs\MiKTeX\tex/latex/tools\tabularx.sty
Package: tabularx 2020/01/15 v2.11c `tabularx' package (DPC)

(C:\Users\tk18583\AppData\Local\Programs\MiKTeX\tex/latex/tools\array.sty
Package: array 2021/10/04 v2.5f Tabular extension package (FMi)
\col@sep=\dimen160
\ar@mcellbox=\box52
\extrarowheight=\dimen161
\NC@list=\toks22
\extratabsurround=\skip52
\backup@length=\skip53
\ar@cellbox=\box53
)
\TX@col@width=\dimen162
\TX@old@table=\dimen163
\TX@old@col=\dimen164
\TX@target=\dimen165
\TX@delta=\dimen166
\TX@cols=\count280
\TX@ftn=\toks23
)
(C:\Users\tk18583\AppData\Local\Programs\MiKTeX\tex/latex/booktabs\booktabs.sty
Package: booktabs 2020/01/12 v1.61803398 Publication quality tables
\heavyrulewidth=\dimen167
\lightrulewidth=\dimen168
\cmidrulewidth=\dimen169
\belowrulesep=\dimen170
\belowbottomsep=\dimen171
\aboverulesep=\dimen172
\abovetopsep=\dimen173
\cmidrulesep=\dimen174
\cmidrulekern=\dimen175
\defaultaddspace=\dimen176
\@cmidla=\count281
\@cmidlb=\count282
\@aboverulesep=\dimen177
\@belowrulesep=\dimen178
\@thisruleclass=\count283
\@lastruleclass=\count284
\@thisrulewidth=\dimen179
)
(C:\Users\tk18583\AppData\Local\Programs\MiKTeX\tex/latex/multirow\multirow.sty
Package: multirow 2021/03/15 v2.8 Span multiple rows of a table
\multirow@colwidth=\skip54
\multirow@cntb=\count285
\multirow@dima=\skip55
\bigstrutjot=\dimen180
) (C:\Users\tk18583\AppData\Local\Programs\MiKTeX\tex/latex/ulem\ulem.sty
\UL@box=\box54
\UL@hyphenbox=\box55
\UL@skip=\skip56
\UL@hook=\toks24
\UL@height=\dimen181
\UL@pe=\count286
\UL@pixel=\dimen182
\ULC@box=\box56
Package: ulem 2019/11/18
\ULdepth=\dimen183
)
(C:\Users\tk18583\AppData\Local\Programs\MiKTeX\tex/latex/pdfpages\pdfpages.sty
Package: pdfpages 2021/03/06 v0.5t Insert pages of external PDF documents (AM)
(C:\Users\tk18583\AppData\Local\Programs\MiKTeX\tex/latex/base\ifthen.sty
Package: ifthen 2020/11/24 v1.1c Standard LaTeX ifthen package (DPC)
)
(C:\Users\tk18583\AppData\Local\Programs\MiKTeX\tex/latex/tools\calc.sty
Package: calc 2017/05/25 v4.3 Infix arithmetic (KKT,FJ)
\calc@Acount=\count287
\calc@Bcount=\count288
\calc@Adimen=\dimen184
\calc@Bdimen=\dimen185
\calc@Askip=\skip57
\calc@Bskip=\skip58
LaTeX Info: Redefining \setlength on input line 80.
LaTeX Info: Redefining \addtolength on input line 81.
\calc@Ccount=\count289
\calc@Cskip=\skip59
)
(C:\Users\tk18583\AppData\Local\Programs\MiKTeX\tex/latex/eso-pic\eso-pic.sty
Package: eso-pic 2020/10/14 v3.0a eso-pic (RN)
\ESO@tempdima=\dimen186
\ESO@tempdimb=\dimen187

(C:\Users\tk18583\AppData\Local\Programs\MiKTeX\tex/latex/xcolor\xcolor.sty
Package: xcolor 2021/10/31 v2.13 LaTeX color extensions (UK)

(C:\Users\tk18583\AppData\Local\Programs\MiKTeX\tex/latex/graphics-cfg\color.cf
g
File: color.cfg 2016/01/02 v1.6 sample color configuration
)
Package xcolor Info: Driver file: pdftex.def on input line 227.
Package xcolor Info: Model `cmy' substituted by `cmy0' on input line 1352.
Package xcolor Info: Model `hsb' substituted by `rgb' on input line 1356.
Package xcolor Info: Model `RGB' extended on input line 1368.
Package xcolor Info: Model `HTML' substituted by `rgb' on input line 1370.
Package xcolor Info: Model `Hsb' substituted by `hsb' on input line 1371.
Package xcolor Info: Model `tHsb' substituted by `hsb' on input line 1372.
Package xcolor Info: Model `HSB' substituted by `hsb' on input line 1373.
Package xcolor Info: Model `Gray' substituted by `gray' on input line 1374.
Package xcolor Info: Model `wave' substituted by `hsb' on input line 1375.
))
\AM@pagewidth=\dimen188
\AM@pageheight=\dimen189
\AM@fboxrule=\dimen190

(C:\Users\tk18583\AppData\Local\Programs\MiKTeX\tex/latex/pdfpages\pppdftex.def
File: pppdftex.def 2021/03/06 v0.5t Pdfpages driver for pdfTeX (AM)
)
\pdfpages@includegraphics@status=\count290
\AM@pagebox=\box57
\AM@global@opts=\toks25
\AM@pagecnt=\count291
\AM@toc@title=\toks26
\c@AM@survey=\count292
\AM@templatesizebox=\box58
)
(C:\Users\tk18583\AppData\Local\Programs\MiKTeX\tex/latex/hyphenat\hyphenat.sty
Package: hyphenat 2009/09/02 v2.3c hyphenation utilities

Package hyphenat Warning: *******************************
(hyphenat)                * You have used the htt option.
(hyphenat)                * You are likely to get many Font Warning messages.
(hyphenat)                * These can usually be ignored.
(hyphenat)                *******************************.

\langwohyphens=\language79
LaTeX Info: Redefining \_ on input line 43.
)
(C:\Users\tk18583\AppData\Local\Programs\MiKTeX\tex/latex/glossaries/base\gloss
aries.sty
Package: glossaries 2021/11/01 v4.49 (NLCT)

(C:\Users\tk18583\AppData\Local\Programs\MiKTeX\tex/latex/xkeyval\xkeyval.sty
Package: xkeyval 2020/11/20 v2.8 package option processing (HA)

(C:\Users\tk18583\AppData\Local\Programs\MiKTeX\tex/generic/xkeyval\xkeyval.tex

(C:\Users\tk18583\AppData\Local\Programs\MiKTeX\tex/generic/xkeyval\xkvutils.te
x
\XKV@toks=\toks27
\XKV@tempa@toks=\toks28
)
\XKV@depth=\count293
File: xkeyval.tex 2014/12/03 v2.7a key=value parser (HA)
))
(C:\Users\tk18583\AppData\Local\Programs\MiKTeX\tex/latex/mfirstuc\mfirstuc.sty
Package: mfirstuc 2021/10/15 v2.07 (NLCT)

(C:\Users\tk18583\AppData\Local\Programs\MiKTeX\tex/latex/etoolbox\etoolbox.sty
Package: etoolbox 2020/10/05 v2.5k e-TeX tools for LaTeX (JAW)
\etb@tempcnta=\count294
)
\@glsmfirst=\toks29
\@glsmrest=\toks30
)
(C:\Users\tk18583\AppData\Local\Programs\MiKTeX\tex/latex/textcase\textcase.sty
Package: textcase 2019/09/14 v1.00 Text only upper/lower case changing (DPC)
) (C:\Users\tk18583\AppData\Local\Programs\MiKTeX\tex/latex/xfor\xfor.sty
Package: xfor 2009/02/05 v1.05 (NLCT)
)
(C:\Users\tk18583\AppData\Local\Programs\MiKTeX\tex/latex/datatool\datatool-bas
e.sty
Package: datatool-base 2019/09/27 v2.32 (NLCT)

(C:\Users\tk18583\AppData\Local\Programs\MiKTeX\tex/latex/amsmath\amsmath.sty
Package: amsmath 2021/10/15 v2.17l AMS math features
\@mathmargin=\skip60

For additional information on amsmath, use the `?' option.
(C:\Users\tk18583\AppData\Local\Programs\MiKTeX\tex/latex/amsmath\amstext.sty
Package: amstext 2021/08/26 v2.01 AMS text

(C:\Users\tk18583\AppData\Local\Programs\MiKTeX\tex/latex/amsmath\amsgen.sty
File: amsgen.sty 1999/11/30 v2.0 generic functions
\@emptytoks=\toks31
\ex@=\dimen191
))
(C:\Users\tk18583\AppData\Local\Programs\MiKTeX\tex/latex/amsmath\amsbsy.sty
Package: amsbsy 1999/11/29 v1.2d Bold Symbols
\pmbraise@=\dimen192
)
(C:\Users\tk18583\AppData\Local\Programs\MiKTeX\tex/latex/amsmath\amsopn.sty
Package: amsopn 2021/08/26 v2.02 operator names
)
\inf@bad=\count295
LaTeX Info: Redefining \frac on input line 234.
\uproot@=\count296
\leftroot@=\count297
LaTeX Info: Redefining \overline on input line 399.
\classnum@=\count298
\DOTSCASE@=\count299
LaTeX Info: Redefining \ldots on input line 496.
LaTeX Info: Redefining \dots on input line 499.
LaTeX Info: Redefining \cdots on input line 620.
\Mathstrutbox@=\box59
\strutbox@=\box60
\big@size=\dimen193
LaTeX Font Info:    Redeclaring font encoding OML on input line 743.
LaTeX Font Info:    Redeclaring font encoding OMS on input line 744.
\macc@depth=\count300
\c@MaxMatrixCols=\count301
\dotsspace@=\muskip17
\c@parentequation=\count302
\dspbrk@lvl=\count303
\tag@help=\toks32
\row@=\count304
\column@=\count305
\maxfields@=\count306
\andhelp@=\toks33
\eqnshift@=\dimen194
\alignsep@=\dimen195
\tagshift@=\dimen196
\tagwidth@=\dimen197
\totwidth@=\dimen198
\lineht@=\dimen199
\@envbody=\toks34
\multlinegap=\skip61
\multlinetaggap=\skip62
\mathdisplay@stack=\toks35
LaTeX Info: Redefining \[ on input line 2938.
LaTeX Info: Redefining \] on input line 2939.
)
(C:\Users\tk18583\AppData\Local\Programs\MiKTeX\tex/latex/substr\substr.sty
Package: substr 2009/10/20 v1.2 Handle substrings
\c@su@anzahl=\count307
)
(C:\Users\tk18583\AppData\Local\Programs\MiKTeX\tex/latex/datatool\datatool-fp.
sty
Package: datatool-fp 2019/09/27 v2.32 (NLCT)
 (C:\Users\tk18583\AppData\Local\Programs\MiKTeX\tex/latex/fp\fp.sty
Package: fp 1995/04/02

`Fixed Point Package', Version 0.8, April 2, 1995 (C) Michael Mehlich
(C:\Users\tk18583\AppData\Local\Programs\MiKTeX\tex/latex/fp\defpattern.sty
Package: defpattern 1994/10/12
\actioncount=\count308
)
(C:\Users\tk18583\AppData\Local\Programs\MiKTeX\tex/latex/fp\fp-basic.sty
Package: fp-basic 1996/05/13
\FP@xs=\count309
\FP@xia=\count310
\FP@xib=\count311
\FP@xfa=\count312
\FP@xfb=\count313
\FP@rega=\count314
\FP@regb=\count315
\FP@regs=\count316
\FP@times=\count317
)
(C:\Users\tk18583\AppData\Local\Programs\MiKTeX\tex/latex/fp\fp-addons.sty
Package: fp-addons 1995/03/15
)
(C:\Users\tk18583\AppData\Local\Programs\MiKTeX\tex/latex/fp\fp-snap.sty
Package: fp-snap 1995/04/05
)
(C:\Users\tk18583\AppData\Local\Programs\MiKTeX\tex/latex/fp\fp-exp.sty
Package: fp-exp 1995/04/03
)
(C:\Users\tk18583\AppData\Local\Programs\MiKTeX\tex/latex/fp\fp-trigo.sty
Package: fp-trigo 1995/04/14
)
(C:\Users\tk18583\AppData\Local\Programs\MiKTeX\tex/latex/fp\fp-pas.sty
Package: fp-pas 1994/08/29
)
(C:\Users\tk18583\AppData\Local\Programs\MiKTeX\tex/latex/fp\fp-random.sty
Package: fp-random 1995/02/23
\FPseed=\count318
)
(C:\Users\tk18583\AppData\Local\Programs\MiKTeX\tex/latex/fp\fp-eqn.sty
Package: fp-eqn 1995/04/03
)
(C:\Users\tk18583\AppData\Local\Programs\MiKTeX\tex/latex/fp\fp-upn.sty
Package: fp-upn 1996/10/21
)
(C:\Users\tk18583\AppData\Local\Programs\MiKTeX\tex/latex/fp\fp-eval.sty
Package: fp-eval 1995/04/03
)))
\@dtl@toks=\toks36
\@dtl@tmpcount=\count319
\dtl@tmplength=\skip63
\dtl@sortresult=\count320
\@dtl@numgrpsepcount=\count321
\@dtl@datatype=\count322
\dtl@codeA=\count323
\dtl@codeB=\count324
\@dtl@foreach@level=\count325
)
(C:\Users\tk18583\AppData\Local\Programs\MiKTeX\tex/latex/glossaries/base\gloss
aries-compatible-307.sty
Package: glossaries-compatible-307 2021/11/01 v4.49 (NLCT)
)
\gls@level=\count326
\@gls@tmpb=\toks37
\gls@tmplen=\skip64
\glskeylisttok=\toks38
\glslabeltok=\toks39
\glsshorttok=\toks40
\glslongtok=\toks41

(C:\Users\tk18583\AppData\Local\Programs\MiKTeX\tex/latex/glossaries/styles\glo
ssary-hypernav.sty
Package: glossary-hypernav 2021/11/01 v4.49 (NLCT)
)
(C:\Users\tk18583\AppData\Local\Programs\MiKTeX\tex/latex/glossaries/styles\glo
ssary-list.sty
Package: glossary-list 2021/11/01 v4.49 (NLCT)
\glslistdottedwidth=\skip65
)
(C:\Users\tk18583\AppData\Local\Programs\MiKTeX\tex/latex/glossaries/styles\glo
ssary-long.sty
Package: glossary-long 2021/11/01 v4.49 (NLCT)

(C:\Users\tk18583\AppData\Local\Programs\MiKTeX\tex/latex/tools\longtable.sty
Package: longtable 2021-09-01 v4.17 Multi-page Table package (DPC)
\LTleft=\skip66
\LTright=\skip67
\LTpre=\skip68
\LTpost=\skip69
\LTchunksize=\count327
\LTcapwidth=\dimen256
\LT@head=\box61
\LT@firsthead=\box62
\LT@foot=\box63
\LT@lastfoot=\box64
\LT@gbox=\box65
\LT@cols=\count328
\LT@rows=\count329
\c@LT@tables=\count330
\c@LT@chunks=\count331
\LT@p@ftn=\toks42
)
\glsdescwidth=\skip70
\glspagelistwidth=\skip71
)
(C:\Users\tk18583\AppData\Local\Programs\MiKTeX\tex/latex/glossaries/styles\glo
ssary-super.sty
Package: glossary-super 2021/11/01 v4.49 (NLCT)

(C:\Users\tk18583\AppData\Local\Programs\MiKTeX\tex/latex/supertabular\supertab
ular.sty
Package: supertabular 2020/02/02 v4.1g the supertabular environment
\c@tracingst=\count332
\ST@wd=\dimen257
\ST@rightskip=\skip72
\ST@leftskip=\skip73
\ST@parfillskip=\skip74
\ST@pageleft=\dimen258
\ST@headht=\dimen259
\ST@tailht=\dimen260
\ST@pagesofar=\dimen261
\ST@pboxht=\dimen262
\ST@lineht=\dimen263
\ST@prevht=\dimen264
\ST@toadd=\dimen265
\ST@dimen=\dimen266
\ST@pbox=\box66
))
(C:\Users\tk18583\AppData\Local\Programs\MiKTeX\tex/latex/glossaries/styles\glo
ssary-tree.sty
Package: glossary-tree 2021/11/01 v4.49 (NLCT)
\glstreeindent=\skip75
))
(C:\Users\tk18583\AppData\Local\Programs\MiKTeX\tex/latex/enumitem\enumitem.sty
Package: enumitem 2019/06/20 v3.9 Customized lists
\labelindent=\skip76
\enit@outerparindent=\dimen267
\enit@toks=\toks43
\enit@inbox=\box67
\enit@count@id=\count333
\enitdp@description=\count334
)
(C:\Users\tk18583\AppData\Local\Programs\MiKTeX\tex/latex/changepage\changepage
.sty
Package: changepage 2009/10/20 v1.0c check page and change page layout
\c@cp@cntr=\count335
\cp@tempcnt=\count336
) (C:\Users\tk18583\AppData\Local\Programs\MiKTeX\tex/latex/acro\acro.sty
(C:\Users\tk18583\AppData\Local\Programs\MiKTeX\tex/latex/l3packages/l3keys2e\l
3keys2e.sty
(C:\Users\tk18583\AppData\Local\Programs\MiKTeX\tex/latex/l3kernel\expl3.sty
Package: expl3 2021-11-22 L3 programming layer (loader) 

(C:\Users\tk18583\AppData\Local\Programs\MiKTeX\tex/latex/l3backend\l3backend-p
dftex.def
File: l3backend-pdftex.def 2021-10-18 L3 backend support: PDF output (pdfTeX)
\l__color_backend_stack_int=\count337
\l__pdf_internal_box=\box68
))
Package: l3keys2e 2021-11-12 LaTeX2e option processing using LaTeX3 keys
)
Package: acro 2022/01/04 v3.6 typeset acronyms and other abbreviations (CN)
\g__acro_version_int=\count338
\l__acro_tmpa_int=\count339
\l__acro_tmpb_int=\count340
\l__acro_tmpc_int=\count341
\l__acro_tmpd_int=\count342
Loading module `base' ...
Loading module `interface' ...
Loading module `aux' ...
Loading module `properties' ...
Loading module `acronyms' ...
Loading module `formatting' ...
Loading module `ppfixes' ...
Loading module `tools' ...
\l__acro_minimal_usage_int=\count343
\l__acro_nest_int=\count344
\g_acro_barrier_int=\count345
\g_acro_barrier_total_int=\count346
Loading module `commands' ...
Loading module `templates' ...
Loading module `list' ...
Loading module `pages' ...
\l__acro_pages_seq_threshold_int=\count347
Loading module `locale' ...

(C:\Users\tk18583\AppData\Local\Programs\MiKTeX\tex/latex/translations\translat
ions.sty
Package: translations 2022/01/04 v1.11 internationalization of LaTeX2e packages
 (CN)
)
Loading module `pdfsupport' ...
Loading module `patch' ...
Loading module `definitions' ...
Loading module `upgrade' ...
)
(C:\Users\tk18583\AppData\Local\Programs\MiKTeX\tex/latex/listings\listings.sty
\lst@mode=\count348
\lst@gtempboxa=\box69
\lst@token=\toks44
\lst@length=\count349
\lst@currlwidth=\dimen268
\lst@column=\count350
\lst@pos=\count351
\lst@lostspace=\dimen269
\lst@width=\dimen270
\lst@newlines=\count352
\lst@lineno=\count353
\lst@maxwidth=\dimen271
(C:\Users\tk18583\AppData\Local\Programs\MiKTeX\tex/latex/listings\lstmisc.sty
File: lstmisc.sty 2020/03/24 1.8d (Carsten Heinz)
\c@lstnumber=\count354
\lst@skipnumbers=\count355
\lst@framebox=\box70
)
(C:\Users\tk18583\AppData\Local\Programs\MiKTeX\tex/latex/listings\listings.cfg
File: listings.cfg 2020/03/24 1.8d listings configuration
))
Package: listings 2020/03/24 1.8d (Carsten Heinz)

(C:\Users\tk18583\AppData\Local\Programs\MiKTeX\tex/latex/spverbatim\spverbatim
.sty
Package: spverbatim 2009/08/10 v1.0 Verbatim with breakable spaces
)
(C:\Users\tk18583\AppData\Local\Programs\MiKTeX\tex/latex/listings\lstlang1.sty
File: lstlang1.sty 2020/03/24 1.8d listings language file
)
(C:\Users\tk18583\AppData\Local\Programs\MiKTeX\tex/latex/listings\lstmisc.sty
File: lstmisc.sty 2020/03/24 1.8d (Carsten Heinz)
) (C:\Users\tk18583\AppData\Local\Programs\MiKTeX\tex/latex/tocloft\tocloft.sty
Package: tocloft 2017/08/31 v2.3i parameterised ToC, etc., typesetting
Package tocloft Info: The document has chapter divisions on input line 51.
\cftparskip=\skip77
\cftbeforetoctitleskip=\skip78
\cftaftertoctitleskip=\skip79
\cftbeforepartskip=\skip80
\cftpartnumwidth=\skip81
\cftpartindent=\skip82
\cftbeforechapskip=\skip83
\cftchapindent=\skip84
\cftchapnumwidth=\skip85
\cftbeforesecskip=\skip86
\cftsecindent=\skip87
\cftsecnumwidth=\skip88
\cftbeforesubsecskip=\skip89
\cftsubsecindent=\skip90
\cftsubsecnumwidth=\skip91
\cftbeforesubsubsecskip=\skip92
\cftsubsubsecindent=\skip93
\cftsubsubsecnumwidth=\skip94
\cftbeforeparaskip=\skip95
\cftparaindent=\skip96
\cftparanumwidth=\skip97
\cftbeforesubparaskip=\skip98
\cftsubparaindent=\skip99
\cftsubparanumwidth=\skip100
\cftbeforeloftitleskip=\skip101
\cftafterloftitleskip=\skip102
\cftbeforefigskip=\skip103
\cftfigindent=\skip104
\cftfignumwidth=\skip105
\c@lofdepth=\count356
\c@lotdepth=\count357
\cftbeforelottitleskip=\skip106
\cftafterlottitleskip=\skip107
\cftbeforetabskip=\skip108
\cfttabindent=\skip109
\cfttabnumwidth=\skip110
) (C:\Users\tk18583\AppData\Local\Programs\MiKTeX\tex/latex/minitoc\minitoc.sty
Package: minitoc 2018/07/12 v62 Package minitoc

(C:\Users\tk18583\AppData\Local\Programs\MiKTeX\tex/latex/minitoc\mtcmess.sty
Package: mtcmess 2006/03/14
)
Package minitoc Info: I0001
(minitoc)             *** minitoc package, version 62 ***.
\tf@mtc=\write3
\mtcindent=\skip111
\mtcskipamount=\skip112
Package minitoc Info: I0005
(minitoc)             compatible with hyperref.
Package minitoc Info: I0023
(minitoc)             part level macros available.
Package minitoc Info: I0003
(minitoc)             chapter level macros available.
\mtc@toks=\toks45
\mtc@strutbox=\box71
\mtc@hstrutbox=\box72
Package minitoc Info: I0002
(minitoc)             Autoconfiguration of extensions.
\openout3 = `thesis.mtc0'.

\openout3 = `thesis.mtc'.


(thesis.mtc0)
Package minitoc Info: I0012
(minitoc)             Long extensions (Unix-like) will be used.
Package minitoc Info: I0031
(minitoc)             ==> this version is configured for UNIX-like 
(minitoc)                 (long extensions) file names.
\openout3 = `thesis.mtc'.

\openout3 = `thesis.mtc0'.

\c@mtc=\count358
\c@minitocdepth=\count359
\c@ptc=\count360
\c@parttocdepth=\count361
\ptcindent=\skip113
Package minitoc Info: I0010
(minitoc)             The english language is selected.
(minitoc)              on input line 4910.

(C:\Users\tk18583\AppData\Local\Programs\MiKTeX\tex/latex/minitoc\english.mld
File: english.mld 2006/01/13
)
(C:\Users\tk18583\AppData\Local\Programs\MiKTeX\tex/latex/minitoc\english.mld
File: english.mld 2006/01/13
))
Package minitoc Info: I0052
(minitoc)             \mtcsetoffset redefines 
(minitoc)             "mtcoffset" as "0pt" on input line 86.
Package minitoc Info: I0013
(minitoc)             \mtcsetdepth redefines the counter 
(minitoc)             "minitocdepth" as "2" on input line 87.
Package minitoc Info: I0015
(minitoc)             \mtcsetfont redefines the macro 
(minitoc)             "mtcfont" as "\small \rmfamily \upshape \mdseries " on in
put line 87.
Package minitoc Info: I0015
(minitoc)             \mtcsetfont redefines the macro 
(minitoc)             "mtcSfont" as "\small \rmfamily \upshape \bfseries " on i
nput line 87.

(C:\Users\tk18583\AppData\Local\Programs\MiKTeX\tex/latex/fancyhdr\fancyhdr.sty
Package: fancyhdr 2021/01/28 v4.0.1 Extensive control of page headers and foote
rs
\f@nch@headwidth=\skip114
\f@nch@O@elh=\skip115
\f@nch@O@erh=\skip116
\f@nch@O@olh=\skip117
\f@nch@O@orh=\skip118
\f@nch@O@elf=\skip119
\f@nch@O@erf=\skip120
\f@nch@O@olf=\skip121
\f@nch@O@orf=\skip122
) (blocked.sty) (boxit.sty) (thesis.sty)
\c@definition=\count362
\c@theorem=\count363
)
Package translations Info: No language package found. I am going to use `englis
h' as default language. on input line 20.
 (thesis.aux

LaTeX Warning: Label `ch:mainchapter' multiply defined.


LaTeX Warning: Label `fig:Bristollogo' multiply defined.


LaTeX Warning: Label `fig:captiona' multiply defined.


LaTeX Warning: Label `sub@fig:captiona' multiply defined.


LaTeX Warning: Label `fig:captionb' multiply defined.


LaTeX Warning: Label `sub@fig:captionb' multiply defined.


LaTeX Warning: Label `fig:captionc' multiply defined.


LaTeX Warning: Label `fig:captiond' multiply defined.


LaTeX Warning: Label `tb:table-example' multiply defined.


LaTeX Warning: Label `eq:CR' multiply defined.


LaTeX Warning: Label `eq:AVE' multiply defined.


LaTeX Warning: Label `eq:CA' multiply defined.


LaTeX Warning: Label `ch:mainchapter' multiply defined.


LaTeX Warning: Label `fig:Bristollogo' multiply defined.


LaTeX Warning: Label `fig:captiona' multiply defined.


LaTeX Warning: Label `sub@fig:captiona' multiply defined.


LaTeX Warning: Label `fig:captionb' multiply defined.


LaTeX Warning: Label `sub@fig:captionb' multiply defined.


LaTeX Warning: Label `fig:captionc' multiply defined.


LaTeX Warning: Label `fig:captiond' multiply defined.


LaTeX Warning: Label `tb:table-example' multiply defined.


LaTeX Warning: Label `eq:CR' multiply defined.


LaTeX Warning: Label `eq:AVE' multiply defined.


LaTeX Warning: Label `eq:CA' multiply defined.

)
\openout1 = `thesis.aux'.

LaTeX Font Info:    Checking defaults for OML/cmm/m/it on input line 20.
LaTeX Font Info:    ... okay on input line 20.
LaTeX Font Info:    Checking defaults for OMS/cmsy/m/n on input line 20.
LaTeX Font Info:    ... okay on input line 20.
LaTeX Font Info:    Checking defaults for OT1/cmr/m/n on input line 20.
LaTeX Font Info:    ... okay on input line 20.
LaTeX Font Info:    Checking defaults for T1/cmr/m/n on input line 20.
LaTeX Font Info:    ... okay on input line 20.
LaTeX Font Info:    Checking defaults for TS1/cmr/m/n on input line 20.
LaTeX Font Info:    ... okay on input line 20.
LaTeX Font Info:    Checking defaults for OMX/cmex/m/n on input line 20.
LaTeX Font Info:    ... okay on input line 20.
LaTeX Font Info:    Checking defaults for U/cmr/m/n on input line 20.
LaTeX Font Info:    ... okay on input line 20.
LaTeX Font Info:    Checking defaults for PD1/pdf/m/n on input line 20.
LaTeX Font Info:    ... okay on input line 20.
LaTeX Font Info:    Checking defaults for PU/pdf/m/n on input line 20.
LaTeX Font Info:    ... okay on input line 20.

*geometry* driver: auto-detecting
*geometry* detected driver: pdftex
*geometry* verbose mode - [ preamble ] result:
* driver: pdftex
* paper: a4paper
* layout: <same size as paper>
* layoutoffset:(h,v)=(0.0pt,0.0pt)
* modes: 
* h-part:(L,W,R)=(108.405pt, 402.3791pt, 86.72377pt)
* v-part:(T,H,B)=(72.26999pt, 700.50687pt, 72.26999pt)
* \paperwidth=597.50787pt
* \paperheight=845.04684pt
* \textwidth=402.3791pt
* \textheight=700.50687pt
* \oddsidemargin=36.13501pt
* \evensidemargin=36.13501pt
* \topmargin=-37.0pt
* \headheight=12.0pt
* \headsep=25.0pt
* \topskip=12.0pt
* \footskip=30.0pt
* \marginparwidth=35.0pt
* \marginparsep=10.0pt
* \columnsep=10.0pt
* \skip\footins=10.8pt plus 4.0pt minus 2.0pt
* \hoffset=0.0pt
* \voffset=0.0pt
* \mag=1000
* \@twocolumnfalse
* \@twosidefalse
* \@mparswitchfalse
* \@reversemarginfalse
* (1in=72.27pt=25.4mm, 1cm=28.453pt)


(C:\Users\tk18583\AppData\Local\Programs\MiKTeX\tex/context/base/mkii\supp-pdf.
mkii
[Loading MPS to PDF converter (version 2006.09.02).]
\scratchcounter=\count364
\scratchdimen=\dimen272
\scratchbox=\box73
\nofMPsegments=\count365
\nofMParguments=\count366
\everyMPshowfont=\toks46
\MPscratchCnt=\count367
\MPscratchDim=\dimen273
\MPnumerator=\count368
\makeMPintoPDFobject=\count369
\everyMPtoPDFconversion=\toks47
)
(C:\Users\tk18583\AppData\Local\Programs\MiKTeX\tex/latex/epstopdf-pkg\epstopdf
-base.sty
Package: epstopdf-base 2020-01-24 v2.11 Base part for package epstopdf
Package epstopdf-base Info: Redefining graphics rule for `.eps' on input line 4
85.

(C:\Users\tk18583\AppData\Local\Programs\MiKTeX\tex/latex/00miktex\epstopdf-sys
.cfg
File: epstopdf-sys.cfg 2021/03/18 v2.0 Configuration of epstopdf for MiKTeX
))
Package caption Info: Begin \AtBeginDocument code.
Package caption Info: changepage package is loaded.
\caption@adjustwidth@hsize=\dimen274
\caption@adjustwidth@linewidth=\dimen275
Package caption Info: hyperref package is loaded.
Package caption Info: listings package is loaded.
Package caption Info: longtable package is loaded.

(C:\Users\tk18583\AppData\Local\Programs\MiKTeX\tex/latex/caption\ltcaption.sty
Package: ltcaption 2020/05/30 v1.4b longtable captions (AR)
)
Package caption Info: supertabular package is loaded.
Package caption Info: End \AtBeginDocument code.
Package hyperref Info: Link coloring ON on input line 20.

(C:\Users\tk18583\AppData\Local\Programs\MiKTeX\tex/latex/hyperref\nameref.sty
Package: nameref 2021-04-02 v2.47 Cross-referencing by name of section

(C:\Users\tk18583\AppData\Local\Programs\MiKTeX\tex/latex/refcount\refcount.sty
Package: refcount 2019/12/15 v3.6 Data extraction from label references (HO)
)
(C:\Users\tk18583\AppData\Local\Programs\MiKTeX\tex/generic/gettitlestring\gett
itlestring.sty
Package: gettitlestring 2019/12/15 v1.6 Cleanup title references (HO)
)
\c@section@level=\count370
)
LaTeX Info: Redefining \ref on input line 20.
LaTeX Info: Redefining \pageref on input line 20.
LaTeX Info: Redefining \nameref on input line 20.
 (thesis.out) (thesis.out)
\@outlinefile=\write4
\openout4 = `thesis.out'.


(C:\Users\tk18583\AppData\Local\Programs\MiKTeX\tex/latex/pdflscape\pdflscape.s
ty
Package: pdflscape 2019/12/05 v0.12 Display of landscape pages in PDF (HO)

(C:\Users\tk18583\AppData\Local\Programs\MiKTeX\tex/latex/graphics\lscape.sty
Package: lscape 2020/05/28 v3.02 Landscape Pages (DPC)
)
Package pdflscape Info: Auto-detected driver: pdftex on input line 81.
)

LaTeX Font Warning: Font shape `OT1/cmtt/m/scsl' undefined
(Font)              using `OT1/cmtt/m/sc' instead on input line 20.


LaTeX Font Warning: Font shape `OT1/cmtt/b/n' undefined
(Font)              using `OT1/cmtt/m/n' instead on input line 20.


LaTeX Font Warning: Font shape `OT1/cmtt/b/it' undefined
(Font)              using `OT1/cmtt/b/n' instead on input line 20.


LaTeX Font Warning: Font shape `OT1/cmtt/b/sl' undefined
(Font)              using `OT1/cmtt/b/it' instead on input line 20.


LaTeX Font Warning: Font shape `OT1/cmtt/b/scit' undefined
(Font)              using `OT1/cmtt/b/sc' instead on input line 20.


LaTeX Font Warning: Font shape `OT1/cmtt/b/sc' undefined
(Font)              using `OT1/cmtt/b/n' instead on input line 20.

LaTeX Font Info:    Font shape `OT1/cmtt/bx/n' in size <12> not available
(Font)              Font shape `OT1/cmtt/m/n' tried instead on input line 20.
LaTeX Font Info:    Font shape `OT1/cmtt/bx/it' in size <12> not available
(Font)              Font shape `OT1/cmtt/m/it' tried instead on input line 20.
LaTeX Font Info:    Font shape `OT1/cmtt/bx/sl' in size <12> not available
(Font)              Font shape `OT1/cmtt/m/n' tried instead on input line 20.

LaTeX Font Warning: Font shape `OT1/cmtt/bx/scsl' undefined
(Font)              using `OT1/cmtt/bx/sc' instead on input line 20.


LaTeX Font Warning: Font shape `OT1/cmtt/bx/sc' undefined
(Font)              using `OT1/cmtt/bx/n' instead on input line 20.


LaTeX Font Warning: Font shape `OT1/cmtt/sbx/sc' undefined
(Font)              using `OT1/cmtt/sb/sc' instead on input line 20.


LaTeX Font Warning: Font shape `OT1/cmtt/sb/n' undefined
(Font)              using `OT1/cmtt/m/n' instead on input line 20.


LaTeX Font Warning: Font shape `OT1/cmtt/sb/it' undefined
(Font)              using `OT1/cmtt/sb/n' instead on input line 20.


LaTeX Font Warning: Font shape `OT1/cmtt/sb/sl' undefined
(Font)              using `OT1/cmtt/sb/it' instead on input line 20.


LaTeX Font Warning: Font shape `OT1/cmtt/sb/scit' undefined
(Font)              using `OT1/cmtt/sb/sc' instead on input line 20.


LaTeX Font Warning: Font shape `OT1/cmtt/sb/sc' undefined
(Font)              using `OT1/cmtt/sb/n' instead on input line 20.


LaTeX Font Warning: Font shape `OT1/cmtt/sbc/sc' undefined
(Font)              using `OT1/cmtt/c/sc' instead on input line 20.


LaTeX Font Warning: Font shape `OT1/cmtt/c/n' undefined
(Font)              using `OT1/cmtt/m/n' instead on input line 20.


LaTeX Font Warning: Font shape `OT1/cmtt/c/it' undefined
(Font)              using `OT1/cmtt/c/n' instead on input line 20.


LaTeX Font Warning: Font shape `OT1/cmtt/c/sl' undefined
(Font)              using `OT1/cmtt/c/it' instead on input line 20.


LaTeX Font Warning: Font shape `OT1/cmtt/c/scit' undefined
(Font)              using `OT1/cmtt/c/sc' instead on input line 20.


LaTeX Font Warning: Font shape `OT1/cmtt/c/sc' undefined
(Font)              using `OT1/cmtt/c/n' instead on input line 20.


LaTeX Font Warning: Font shape `OT1/cmtt/lc/sc' undefined
(Font)              using `OT1/cmtt/l/sc' instead on input line 20.


LaTeX Font Warning: Font shape `OT1/cmtt/l/n' undefined
(Font)              using `OT1/cmtt/m/n' instead on input line 20.


LaTeX Font Warning: Font shape `OT1/cmtt/l/it' undefined
(Font)              using `OT1/cmtt/l/n' instead on input line 20.


LaTeX Font Warning: Font shape `OT1/cmtt/l/sl' undefined
(Font)              using `OT1/cmtt/l/it' instead on input line 20.


LaTeX Font Warning: Font shape `OT1/cmtt/l/scit' undefined
(Font)              using `OT1/cmtt/l/sc' instead on input line 20.


LaTeX Font Warning: Font shape `OT1/cmtt/l/sc' undefined
(Font)              using `OT1/cmtt/l/n' instead on input line 20.

LaTeX Font Info:    Font shape `OT1/cmtt/m/ui' in size <12> not available
(Font)              Font shape `OT1/cmtt/m/it' tried instead on input line 20.
LaTeX Font Info:    Font shape `OT1/cmtt/bx/ui' in size <12> not available
(Font)              Font shape `OT1/cmtt/m/it' tried instead on input line 20.

LaTeX Font Warning: Font shape `OT1/cmtt/m/In' undefined
(Font)              using `OT1/cmtt/m/n' instead on input line 20.


(C:\Users\tk18583\AppData\Local\Programs\MiKTeX\tex/latex/translations/dicts\tr
anslations-basic-dictionary-english.trsl
File: translations-basic-dictionary-english.trsl (english translation file `tra
nslations-basic-dictionary')
)
Package translations Info: loading dictionary `translations-basic-dictionary' f
or `english'. on input line 20.
\c@lstlisting=\count371
\c@minilofdepth=\count372
\c@minilotdepth=\count373
\c@partlofdepth=\count374
\c@partlotdepth=\count375
\c@sectlofdepth=\count376
\c@sectlotdepth=\count377
Package minitoc(hints) Info: I0049
(minitoc(hints))             ==> You requested the hints option. 
(minitoc(hints))             Some hints are eventually given below.
Package minitoc(hints) Info: I0042
(minitoc(hints))             --- The appendix package is loaded. 
(minitoc(hints))             See the minitoc package documentation 
(minitoc(hints))             for specific precautions.
Package minitoc(hints) Info: I0047
(minitoc(hints))             --- The tocloft package is loaded. 
(minitoc(hints))             See the minitoc package documentation 
(minitoc(hints))             for specific precautions.


Package minitoc(hints) Warning: W0030
(minitoc(hints))                --- The \part command is altered 
(minitoc(hints))                after minitoc.


Package minitoc(hints) Warning: W0023
(minitoc(hints))                --- It may be the consequence 
(minitoc(hints))                of loading the ``hyperref'' package.


Package minitoc(hints) Warning: W0028
(minitoc(hints))                --- The \chapter command is altered 
(minitoc(hints))                after minitoc.


Package minitoc(hints) Warning: W0023
(minitoc(hints))                --- It may be the consequence 
(minitoc(hints))                of loading the ``hyperref'' package.

<images/Logo - colour PNG.png, id=168, 889.3225pt x 256.96pt>
File: images/Logo - colour PNG.png Graphic file (type png)
<use images/Logo - colour PNG.png>
Package pdftex.def Info: images/Logo - colour PNG.png  used on input line 30.
(pdftex.def)             Requested size: 201.18954pt x 58.13109pt.

! LaTeX Error: There's no line here to end.

See the LaTeX manual or LaTeX Companion for explanation.
Type  H <return>  for immediate help.
 ...                                              
                                                  
l.30 \maketitle
               
Your command was ignored.
Type  I <command> <return>  to replace it with another command,
or  <return>  to continue without it.


! LaTeX Error: There's no line here to end.

See the LaTeX manual or LaTeX Companion for explanation.
Type  H <return>  for immediate help.
 ...                                              
                                                  
l.30 \maketitle
               
Your command was ignored.
Type  I <command> <return>  to replace it with another command,
or  <return>  to continue without it.


Underfull \vbox (badness 10000) detected at line 30
 []

[1

{C:/Users/tk18583/AppData/Local/MiKTeX/fonts/map/pdftex/pdftex.map} <./images/L
ogo - colour PNG.png>] (0-abstract/abstract.tex)
(0-acknowledgements/acknowledgements.tex [1


]) [2


]
Package minitoc Info: I0024
(minitoc)             PREPARING MINITOCS FROM thesis.toc on input line 39.
Package minitoc Info: I0033
(minitoc)             Writing thesis.mtc1.
\openout3 = `thesis.mtc1'.

Package minitoc Info: I0033
(minitoc)             Writing thesis.mtc2.
\openout3 = `thesis.mtc2'.

Package minitoc Info: I0033
(minitoc)             Writing thesis.mtc3.
\openout3 = `thesis.mtc3'.

Package minitoc Info: I0033
(minitoc)             Writing thesis.mtc4.
\openout3 = `thesis.mtc4'.

Package minitoc Info: I0033
(minitoc)             Writing thesis.mtc5.
\openout3 = `thesis.mtc5'.

Package minitoc Info: I0033
(minitoc)             Writing thesis.mtc6.
\openout3 = `thesis.mtc6'.

Package minitoc Info: I0033
(minitoc)             Writing thesis.mtc7.
\openout3 = `thesis.mtc7'.

Package minitoc Info: I0033
(minitoc)             Writing thesis.mtc8.
\openout3 = `thesis.mtc8'.

Package minitoc Info: I0033
(minitoc)             Writing thesis.mtc9.
\openout3 = `thesis.mtc9'.

Package minitoc Info: I0033
(minitoc)             Writing thesis.mtc10.
\openout3 = `thesis.mtc10'.

Package minitoc Info: I0033
(minitoc)             Writing thesis.mtc11.
\openout3 = `thesis.mtc11'.

Package minitoc Info: I0033
(minitoc)             Writing thesis.mtc12.
\openout3 = `thesis.mtc12'.

Package minitoc Info: I0033
(minitoc)             Writing thesis.mtc13.
\openout3 = `thesis.mtc13'.

Package minitoc Info: I0033
(minitoc)             Writing thesis.mtc14.
\openout3 = `thesis.mtc14'.

Package minitoc Info: I0033
(minitoc)             Writing thesis.mtc15.
\openout3 = `thesis.mtc15'.

Package minitoc Info: I0033
(minitoc)             Writing thesis.mtc16.
\openout3 = `thesis.mtc16'.

Package minitoc Info: I0033
(minitoc)             Writing thesis.mtc17.
\openout3 = `thesis.mtc17'.

Package minitoc Info: I0034
(minitoc)             PREPARING MINILOFS FROM thesis.lof on input line 39.
Package minitoc Info: I0033
(minitoc)             Writing thesis.mlf1.
\openout3 = `thesis.mlf1'.

Package minitoc Info: I0033
(minitoc)             Writing thesis.mlf2.
\openout3 = `thesis.mlf2'.

Package minitoc Info: I0033
(minitoc)             Writing thesis.mlf3.
\openout3 = `thesis.mlf3'.

Package minitoc Info: I0033
(minitoc)             Writing thesis.mlf4.
\openout3 = `thesis.mlf4'.

Package minitoc Info: I0033
(minitoc)             Writing thesis.mlf5.
\openout3 = `thesis.mlf5'.

Package minitoc Info: I0033
(minitoc)             Writing thesis.mlf6.
\openout3 = `thesis.mlf6'.

Package minitoc Info: I0033
(minitoc)             Writing thesis.mlf7.
\openout3 = `thesis.mlf7'.

Package minitoc Info: I0033
(minitoc)             Writing thesis.mlf8.
\openout3 = `thesis.mlf8'.

Package minitoc Info: I0033
(minitoc)             Writing thesis.mlf9.
\openout3 = `thesis.mlf9'.

Package minitoc Info: I0033
(minitoc)             Writing thesis.mlf10.
\openout3 = `thesis.mlf10'.

Package minitoc Info: I0037
(minitoc)             PREPARING MINILOTS FROM thesis.lot on input line 39.
Package minitoc Info: I0033
(minitoc)             Writing thesis.mlt1.
\openout3 = `thesis.mlt1'.

Package minitoc Info: I0033
(minitoc)             Writing thesis.mlt2.
\openout3 = `thesis.mlt2'.

Package minitoc Info: I0033
(minitoc)             Writing thesis.mlt3.
\openout3 = `thesis.mlt3'.

Package minitoc Info: I0033
(minitoc)             Writing thesis.mlt4.
\openout3 = `thesis.mlt4'.

Package minitoc Info: I0033
(minitoc)             Writing thesis.mlt5.
\openout3 = `thesis.mlt5'.

Package minitoc Info: I0033
(minitoc)             Writing thesis.mlt6.
\openout3 = `thesis.mlt6'.

Package minitoc Info: I0033
(minitoc)             Writing thesis.mlt7.
\openout3 = `thesis.mlt7'.

Package minitoc Info: I0033
(minitoc)             Writing thesis.mlt8.
\openout3 = `thesis.mlt8'.

Package minitoc Info: I0033
(minitoc)             Writing thesis.mlt9.
\openout3 = `thesis.mlt9'.

Package minitoc Info: I0033
(minitoc)             Writing thesis.mlt10.
\openout3 = `thesis.mlt10'.

 (thesis.toc
LaTeX Font Info:    Trying to load font information for U+lasy on input line 2.


(C:\Users\tk18583\AppData\Local\Programs\MiKTeX\tex/latex/base\ulasy.fd
File: ulasy.fd 1998/08/17 v2.2e LaTeX symbol font definitions
)
[3

])
\tf@toc=\write5
\openout5 = `thesis.toc'.

 [4] (thesis.lot)
\tf@lot=\write6
\openout6 = `thesis.lot'.

 [5

] (thesis.lof)
\tf@lof=\write7
\openout7 = `thesis.lof'.

 [6

]
Using TeX to sort glossary entries---this may take a while

Package glossaries Warning: Empty glossary for \printnoidxglossary[type={main}]
. Rerun may be required (or you may have forgotten to use commands like \gls) o
n input line 39.

[7



] (1-introduction/introduction.tex
Chapter 1.
) (2-literaturereview/literaturereview.tex

Package fancyhdr Warning: \headheight is too small (12.0pt): 
(fancyhdr)                Make it at least 14.49998pt, for example:
(fancyhdr)                \setlength{\headheight}{14.49998pt}.
(fancyhdr)                You might also make \topmargin smaller to compensate:

(fancyhdr)                \addtolength{\topmargin}{-2.49998pt}.


pdfTeX warning (ext4): destination with the same identifier (name{page.1}) has 
been already used, duplicate ignored
<to be read again> 
                   \relax 
l.1 \chapter
            {Literature Review} [1



]
Chapter 2.

Package fancyhdr Warning: \headheight is too small (12.0pt): 
(fancyhdr)                Make it at least 14.49998pt, for example:
(fancyhdr)                \setlength{\headheight}{14.49998pt}.
(fancyhdr)                You might also make \topmargin smaller to compensate:

(fancyhdr)                \addtolength{\topmargin}{-2.49998pt}.

[2

]
\openout3 = `thesis.mtc'.

\openout3 = `thesis.mtc'.

 (thesis.mtc7)

Package fancyhdr Warning: \headheight is too small (12.0pt): 
(fancyhdr)                Make it at least 14.49998pt, for example:
(fancyhdr)                \setlength{\headheight}{14.49998pt}.
(fancyhdr)                You might also make \topmargin smaller to compensate:

(fancyhdr)                \addtolength{\topmargin}{-2.49998pt}.

[3] (2-literaturereview/section1.tex

Package natbib Warning: Citation `murray2011write' on page 4 undefined on input
 line 3.

) (2-literaturereview/section2.tex) (2-literaturereview/section3.tex))
(3-methodology/methodology.tex

Package fancyhdr Warning: \headheight is too small (12.0pt): 
(fancyhdr)                Make it at least 14.49998pt, for example:
(fancyhdr)                \setlength{\headheight}{14.49998pt}.
(fancyhdr)                You might also make \topmargin smaller to compensate:

(fancyhdr)                \addtolength{\topmargin}{-2.49998pt}.

[4]
Chapter 3.

Package fancyhdr Warning: \headheight is too small (12.0pt): 
(fancyhdr)                Make it at least 14.49998pt, for example:
(fancyhdr)                \setlength{\headheight}{14.49998pt}.
(fancyhdr)                You might also make \topmargin smaller to compensate:

(fancyhdr)                \addtolength{\topmargin}{-2.49998pt}.

[5

]
\openout3 = `thesis.mtc'.

\openout3 = `thesis.mtc'.

 (thesis.mtc8)

Package fancyhdr Warning: \headheight is too small (12.0pt): 
(fancyhdr)                Make it at least 14.49998pt, for example:
(fancyhdr)                \setlength{\headheight}{14.49998pt}.
(fancyhdr)                You might also make \topmargin smaller to compensate:

(fancyhdr)                \addtolength{\topmargin}{-2.49998pt}.

[6]) (4-mainchapter1/mainchapter.tex

Package fancyhdr Warning: \headheight is too small (12.0pt): 
(fancyhdr)                Make it at least 14.49998pt, for example:
(fancyhdr)                \setlength{\headheight}{14.49998pt}.
(fancyhdr)                You might also make \topmargin smaller to compensate:

(fancyhdr)                \addtolength{\topmargin}{-2.49998pt}.

[7]
Chapter 4.

Package fancyhdr Warning: \headheight is too small (12.0pt): 
(fancyhdr)                Make it at least 14.49998pt, for example:
(fancyhdr)                \setlength{\headheight}{14.49998pt}.
(fancyhdr)                You might also make \topmargin smaller to compensate:

(fancyhdr)                \addtolength{\topmargin}{-2.49998pt}.

[8

]
\openout3 = `thesis.mtc'.

\openout3 = `thesis.mtc'.

 (thesis.mtc9)

Package fancyhdr Warning: \headheight is too small (12.0pt): 
(fancyhdr)                Make it at least 14.49998pt, for example:
(fancyhdr)                \setlength{\headheight}{14.49998pt}.
(fancyhdr)                You might also make \topmargin smaller to compensate:

(fancyhdr)                \addtolength{\topmargin}{-2.49998pt}.

[9]
File: images/Logo - colour PNG.png Graphic file (type png)
<use images/Logo - colour PNG.png>
Package pdftex.def Info: images/Logo - colour PNG.png  used on input line 21.
(pdftex.def)             Requested size: 321.90451pt x 93.01132pt.
File: images/Logo - colour PNG.png Graphic file (type png)
<use images/Logo - colour PNG.png>
Package pdftex.def Info: images/Logo - colour PNG.png  used on input line 32.
(pdftex.def)             Requested size: 181.06937pt x 52.3164pt.
File: images/Logo - colour PNG.png Graphic file (type png)
<use images/Logo - colour PNG.png>
Package pdftex.def Info: images/Logo - colour PNG.png  used on input line 39.
(pdftex.def)             Requested size: 181.06937pt x 52.3164pt.
File: images/Logo - colour PNG.png Graphic file (type png)
<use images/Logo - colour PNG.png>
Package pdftex.def Info: images/Logo - colour PNG.png  used on input line 52.
(pdftex.def)             Requested size: 181.06937pt x 52.3164pt.
File: images/Logo - colour PNG.png Graphic file (type png)
<use images/Logo - colour PNG.png>
Package pdftex.def Info: images/Logo - colour PNG.png  used on input line 59.
(pdftex.def)             Requested size: 181.06937pt x 52.3164pt.


LaTeX Warning: `h' float specifier changed to `ht'.


Package fancyhdr Warning: \headheight is too small (12.0pt): 
(fancyhdr)                Make it at least 14.49998pt, for example:
(fancyhdr)                \setlength{\headheight}{14.49998pt}.
(fancyhdr)                You might also make \topmargin smaller to compensate:

(fancyhdr)                \addtolength{\topmargin}{-2.49998pt}.

[10]

Package fancyhdr Warning: \headheight is too small (12.0pt): 
(fancyhdr)                Make it at least 14.49998pt, for example:
(fancyhdr)                \setlength{\headheight}{14.49998pt}.
(fancyhdr)                You might also make \topmargin smaller to compensate:

(fancyhdr)                \addtolength{\topmargin}{-2.49998pt}.

[11]) (5-mainchapter2/mainchapter.tex

Package fancyhdr Warning: \headheight is too small (12.0pt): 
(fancyhdr)                Make it at least 14.49998pt, for example:
(fancyhdr)                \setlength{\headheight}{14.49998pt}.
(fancyhdr)                You might also make \topmargin smaller to compensate:

(fancyhdr)                \addtolength{\topmargin}{-2.49998pt}.

[12]
Chapter 5.

Package fancyhdr Warning: \headheight is too small (12.0pt): 
(fancyhdr)                Make it at least 14.49998pt, for example:
(fancyhdr)                \setlength{\headheight}{14.49998pt}.
(fancyhdr)                You might also make \topmargin smaller to compensate:

(fancyhdr)                \addtolength{\topmargin}{-2.49998pt}.

[13

]
\openout3 = `thesis.mtc'.

\openout3 = `thesis.mtc'.

 (thesis.mtc10)

Package fancyhdr Warning: \headheight is too small (12.0pt): 
(fancyhdr)                Make it at least 14.49998pt, for example:
(fancyhdr)                \setlength{\headheight}{14.49998pt}.
(fancyhdr)                You might also make \topmargin smaller to compensate:

(fancyhdr)                \addtolength{\topmargin}{-2.49998pt}.

[14]
File: images/Logo - colour PNG.png Graphic file (type png)
<use images/Logo - colour PNG.png>
Package pdftex.def Info: images/Logo - colour PNG.png  used on input line 21.
(pdftex.def)             Requested size: 321.90451pt x 93.01132pt.
File: images/Logo - colour PNG.png Graphic file (type png)
<use images/Logo - colour PNG.png>
Package pdftex.def Info: images/Logo - colour PNG.png  used on input line 32.
(pdftex.def)             Requested size: 181.06937pt x 52.3164pt.
File: images/Logo - colour PNG.png Graphic file (type png)
<use images/Logo - colour PNG.png>
Package pdftex.def Info: images/Logo - colour PNG.png  used on input line 39.
(pdftex.def)             Requested size: 181.06937pt x 52.3164pt.
File: images/Logo - colour PNG.png Graphic file (type png)
<use images/Logo - colour PNG.png>
Package pdftex.def Info: images/Logo - colour PNG.png  used on input line 52.
(pdftex.def)             Requested size: 181.06937pt x 52.3164pt.
File: images/Logo - colour PNG.png Graphic file (type png)
<use images/Logo - colour PNG.png>
Package pdftex.def Info: images/Logo - colour PNG.png  used on input line 59.
(pdftex.def)             Requested size: 181.06937pt x 52.3164pt.


LaTeX Warning: `h' float specifier changed to `ht'.


Package fancyhdr Warning: \headheight is too small (12.0pt): 
(fancyhdr)                Make it at least 14.49998pt, for example:
(fancyhdr)                \setlength{\headheight}{14.49998pt}.
(fancyhdr)                You might also make \topmargin smaller to compensate:

(fancyhdr)                \addtolength{\topmargin}{-2.49998pt}.

[15]

Package fancyhdr Warning: \headheight is too small (12.0pt): 
(fancyhdr)                Make it at least 14.49998pt, for example:
(fancyhdr)                \setlength{\headheight}{14.49998pt}.
(fancyhdr)                You might also make \topmargin smaller to compensate:

(fancyhdr)                \addtolength{\topmargin}{-2.49998pt}.

[16]) (6-mainchapter3/mainchapter.tex

Package fancyhdr Warning: \headheight is too small (12.0pt): 
(fancyhdr)                Make it at least 14.49998pt, for example:
(fancyhdr)                \setlength{\headheight}{14.49998pt}.
(fancyhdr)                You might also make \topmargin smaller to compensate:

(fancyhdr)                \addtolength{\topmargin}{-2.49998pt}.

[17]
Chapter 6.

Package fancyhdr Warning: \headheight is too small (12.0pt): 
(fancyhdr)                Make it at least 14.49998pt, for example:
(fancyhdr)                \setlength{\headheight}{14.49998pt}.
(fancyhdr)                You might also make \topmargin smaller to compensate:

(fancyhdr)                \addtolength{\topmargin}{-2.49998pt}.

[18

]
\openout3 = `thesis.mtc'.

\openout3 = `thesis.mtc'.

 (thesis.mtc11)

Package fancyhdr Warning: \headheight is too small (12.0pt): 
(fancyhdr)                Make it at least 14.49998pt, for example:
(fancyhdr)                \setlength{\headheight}{14.49998pt}.
(fancyhdr)                You might also make \topmargin smaller to compensate:

(fancyhdr)                \addtolength{\topmargin}{-2.49998pt}.

[19]
File: images/Logo - colour PNG.png Graphic file (type png)
<use images/Logo - colour PNG.png>
Package pdftex.def Info: images/Logo - colour PNG.png  used on input line 21.
(pdftex.def)             Requested size: 321.90451pt x 93.01132pt.
File: images/Logo - colour PNG.png Graphic file (type png)
<use images/Logo - colour PNG.png>
Package pdftex.def Info: images/Logo - colour PNG.png  used on input line 32.
(pdftex.def)             Requested size: 181.06937pt x 52.3164pt.
File: images/Logo - colour PNG.png Graphic file (type png)
<use images/Logo - colour PNG.png>
Package pdftex.def Info: images/Logo - colour PNG.png  used on input line 39.
(pdftex.def)             Requested size: 181.06937pt x 52.3164pt.
File: images/Logo - colour PNG.png Graphic file (type png)
<use images/Logo - colour PNG.png>
Package pdftex.def Info: images/Logo - colour PNG.png  used on input line 52.
(pdftex.def)             Requested size: 181.06937pt x 52.3164pt.
File: images/Logo - colour PNG.png Graphic file (type png)
<use images/Logo - colour PNG.png>
Package pdftex.def Info: images/Logo - colour PNG.png  used on input line 59.
(pdftex.def)             Requested size: 181.06937pt x 52.3164pt.


LaTeX Warning: `h' float specifier changed to `ht'.


Package fancyhdr Warning: \headheight is too small (12.0pt): 
(fancyhdr)                Make it at least 14.49998pt, for example:
(fancyhdr)                \setlength{\headheight}{14.49998pt}.
(fancyhdr)                You might also make \topmargin smaller to compensate:

(fancyhdr)                \addtolength{\topmargin}{-2.49998pt}.

[20]

Package fancyhdr Warning: \headheight is too small (12.0pt): 
(fancyhdr)                Make it at least 14.49998pt, for example:
(fancyhdr)                \setlength{\headheight}{14.49998pt}.
(fancyhdr)                You might also make \topmargin smaller to compensate:

(fancyhdr)                \addtolength{\topmargin}{-2.49998pt}.

[21]) (7-conclusion/conclusion.tex

Package fancyhdr Warning: \headheight is too small (12.0pt): 
(fancyhdr)                Make it at least 14.49998pt, for example:
(fancyhdr)                \setlength{\headheight}{14.49998pt}.
(fancyhdr)                You might also make \topmargin smaller to compensate:

(fancyhdr)                \addtolength{\topmargin}{-2.49998pt}.

[22]
Chapter 7.
)

Package fancyhdr Warning: \headheight is too small (12.0pt): 
(fancyhdr)                Make it at least 14.49998pt, for example:
(fancyhdr)                \setlength{\headheight}{14.49998pt}.
(fancyhdr)                You might also make \topmargin smaller to compensate:

(fancyhdr)                \addtolength{\topmargin}{-2.49998pt}.

[23

]
No file thesis.bbl.
(appendices/appendix.tex [24



]
Appendix A.
[25

]
Appendix B.
[26

]
Appendix C.
<appendices/PDFs/ueq.pdf, id=500, 597.50786pt x 845.04686pt>
File: appendices/PDFs/ueq.pdf Graphic file (type pdf)
<use appendices/PDFs/ueq.pdf>
Package pdftex.def Info: appendices/PDFs/ueq.pdf  used on input line 14.
(pdftex.def)             Requested size: 597.5064pt x 845.0448pt.
File: appendices/PDFs/ueq.pdf Graphic file (type pdf)
<use appendices/PDFs/ueq.pdf>
Package pdftex.def Info: appendices/PDFs/ueq.pdf  used on input line 14.
(pdftex.def)             Requested size: 597.5064pt x 845.0448pt.
<appendices/PDFs/ueq.pdf, id=503, page=1, 597.50786pt x 845.04686pt>
File: appendices/PDFs/ueq.pdf Graphic file (type pdf)
<use appendices/PDFs/ueq.pdf, page 1>
Package pdftex.def Info: appendices/PDFs/ueq.pdf , page1 used on input line 14.

(pdftex.def)             Requested size: 597.5064pt x 845.0448pt.
File: appendices/PDFs/ueq.pdf Graphic file (type pdf)
<use appendices/PDFs/ueq.pdf, page 1>
Package pdftex.def Info: appendices/PDFs/ueq.pdf , page1 used on input line 14.

(pdftex.def)             Requested size: 478.00693pt x 676.0384pt.
[27

]
File: appendices/PDFs/ueq.pdf Graphic file (type pdf)
<use appendices/PDFs/ueq.pdf, page 1>
Package pdftex.def Info: appendices/PDFs/ueq.pdf , page1 used on input line 14.

(pdftex.def)             Requested size: 478.00693pt x 676.0384pt.
File: appendices/PDFs/ueq.pdf Graphic file (type pdf)
<use appendices/PDFs/ueq.pdf, page 1>
Package pdftex.def Info: appendices/PDFs/ueq.pdf , page1 used on input line 14.

(pdftex.def)             Requested size: 478.00693pt x 676.0384pt.
File: appendices/PDFs/ueq.pdf Graphic file (type pdf)
<use appendices/PDFs/ueq.pdf, page 1>
Package pdftex.def Info: appendices/PDFs/ueq.pdf , page1 used on input line 14.

(pdftex.def)             Requested size: 478.00693pt x 676.0384pt.
 [28 <./appendices/PDFs/ueq.pdf>]
File: appendices/PDFs/ueq.pdf Graphic file (type pdf)
<use appendices/PDFs/ueq.pdf>
Package pdftex.def Info: appendices/PDFs/ueq.pdf  used on input line 16.
(pdftex.def)             Requested size: 597.5064pt x 845.0448pt.
File: appendices/PDFs/ueq.pdf Graphic file (type pdf)
<use appendices/PDFs/ueq.pdf>
Package pdftex.def Info: appendices/PDFs/ueq.pdf  used on input line 16.
(pdftex.def)             Requested size: 597.5064pt x 845.0448pt.
<appendices/PDFs/ueq.pdf, id=550, page=2, 597.50786pt x 845.04686pt>
File: appendices/PDFs/ueq.pdf Graphic file (type pdf)
<use appendices/PDFs/ueq.pdf, page 2>
Package pdftex.def Info: appendices/PDFs/ueq.pdf , page2 used on input line 16.

(pdftex.def)             Requested size: 597.5064pt x 845.0448pt.
File: appendices/PDFs/ueq.pdf Graphic file (type pdf)
<use appendices/PDFs/ueq.pdf, page 2>
Package pdftex.def Info: appendices/PDFs/ueq.pdf , page2 used on input line 16.

(pdftex.def)             Requested size: 478.00693pt x 676.0384pt.
File: appendices/PDFs/ueq.pdf Graphic file (type pdf)
<use appendices/PDFs/ueq.pdf, page 2>
Package pdftex.def Info: appendices/PDFs/ueq.pdf , page2 used on input line 16.

(pdftex.def)             Requested size: 478.00693pt x 676.0384pt.
File: appendices/PDFs/ueq.pdf Graphic file (type pdf)
<use appendices/PDFs/ueq.pdf, page 2>
Package pdftex.def Info: appendices/PDFs/ueq.pdf , page2 used on input line 16.

(pdftex.def)             Requested size: 478.00693pt x 676.0384pt.
File: appendices/PDFs/ueq.pdf Graphic file (type pdf)
<use appendices/PDFs/ueq.pdf, page 2>
Package pdftex.def Info: appendices/PDFs/ueq.pdf , page2 used on input line 16.

(pdftex.def)             Requested size: 478.00693pt x 676.0384pt.
 [29 <./appendices/PDFs/ueq.pdf>])

Package natbib Warning: There were undefined citations.

Package minitoc Info: I0009
(minitoc)             Listing minitoc auxiliary files. 
(minitoc)             Creating the thesis.maf file.
\openout3 = `thesis.maf'.


Package minitoc(hints) Warning: W0079
(minitoc(hints))                You have used \dominilof, 
(minitoc(hints))                but not \minilof.


Package minitoc(hints) Warning: W0080
(minitoc(hints))                You have used \dominilot, 
(minitoc(hints))                but not \minilot.

Package minitoc(hints) Info: I0053
(minitoc(hints))             You have loaded the float package; 
(minitoc(hints))             please be aware that the minitoc package 
(minitoc(hints))             facilities can not be used for new types 
(minitoc(hints))             of floats defined by the float package.

Package minitoc(hints) Warning: W0024
(minitoc(hints))                Some hints have been written 
(minitoc(hints))                in the thesis.log file.

[30] (thesis.aux)

LaTeX Font Warning: Some font shapes were not available, defaults substituted.


LaTeX Warning: There were multiply-defined labels.

Package rerunfilecheck Info: File `thesis.out' has not changed.
(rerunfilecheck)             Checksum: F7263CDE913AEE10B7173DAF78371B9E;4428.
 ) 
Here is how much of TeX's memory you used:
 26078 strings out of 478659
 472130 string characters out of 2844972
 944340 words of memory out of 3000000
 43323 multiletter control sequences out of 15000+600000
 412532 words of font info for 62 fonts, out of 8000000 for 9000
 1141 hyphenation exceptions out of 8191
 98i,18n,96p,1143b,613s stack positions out of 5000i,500n,10000p,200000b,80000s
 <C:\Users\tk18583\AppData\Local\MiKTeX\fonts/pk/ljfour/jknappen/ec/dpi600\tc
rm1200.pk><C:/Users/tk18583/AppData/Local/Programs/MiKTeX/fonts/type1/public/am
sfonts/cm/cmbx10.pfb><C:/Users/tk18583/AppData/Local/Programs/MiKTeX/fonts/type
1/public/amsfonts/cm/cmbx12.pfb><C:/Users/tk18583/AppData/Local/Programs/MiKTeX
/fonts/type1/public/amsfonts/cm/cmex10.pfb><C:/Users/tk18583/AppData/Local/Prog
rams/MiKTeX/fonts/type1/public/amsfonts/cm/cmmi12.pfb><C:/Users/tk18583/AppData
/Local/Programs/MiKTeX/fonts/type1/public/amsfonts/cm/cmmi8.pfb><C:/Users/tk185
83/AppData/Local/Programs/MiKTeX/fonts/type1/public/amsfonts/cm/cmr10.pfb><C:/U
sers/tk18583/AppData/Local/Programs/MiKTeX/fonts/type1/public/amsfonts/cm/cmr12
.pfb><C:/Users/tk18583/AppData/Local/Programs/MiKTeX/fonts/type1/public/amsfont
s/cm/cmr8.pfb><C:/Users/tk18583/AppData/Local/Programs/MiKTeX/fonts/type1/publi
c/amsfonts/cm/cmsl12.pfb><C:/Users/tk18583/AppData/Local/Programs/MiKTeX/fonts/
type1/public/amsfonts/cm/cmsy10.pfb>
Output written on thesis.pdf (38 pages, 280859 bytes).
PDF statistics:
 654 PDF objects out of 1000 (max. 8388607)
 152 named destinations out of 1000 (max. 500000)
 377 words of extra memory for PDF output out of 10000 (max. 10000000)

